Determining if the pthread_create exist failed with the following output:
Change Dir: /home/michael/Desktop/CMU/2nd_Semester/MRSD Project Course/Programming HW/Folders/build/CMakeFiles/CMakeTmp

Run Build Command:"/usr/bin/make" "cmTC_447bd/fast"
/usr/bin/make -f CMakeFiles/cmTC_447bd.dir/build.make CMakeFiles/cmTC_447bd.dir/build
make[1]: Entering directory '/home/michael/Desktop/CMU/2nd_Semester/MRSD Project Course/Programming HW/Folders/build/CMakeFiles/CMakeTmp'
Building C object CMakeFiles/cmTC_447bd.dir/CheckSymbolExists.c.o
/usr/bin/cc    -o CMakeFiles/cmTC_447bd.dir/CheckSymbolExists.c.o   -c "/home/michael/Desktop/CMU/2nd_Semester/MRSD Project Course/Programming HW/Folders/build/CMakeFiles/CMakeTmp/CheckSymbolExists.c"
Linking C executable cmTC_447bd
/usr/bin/cmake -E cmake_link_script CMakeFiles/cmTC_447bd.dir/link.txt --verbose=1
/usr/bin/cc      -rdynamic CMakeFiles/cmTC_447bd.dir/CheckSymbolExists.c.o  -o cmTC_447bd 
CMakeFiles/cmTC_447bd.dir/CheckSymbolExists.c.o: In function `main':
CheckSymbolExists.c:(.text+0x1b): undefined reference to `pthread_create'
collect2: error: ld returned 1 exit status
CMakeFiles/cmTC_447bd.dir/build.make:97: recipe for target 'cmTC_447bd' failed
make[1]: *** [cmTC_447bd] Error 1
make[1]: Leaving directory '/home/michael/Desktop/CMU/2nd_Semester/MRSD Project Course/Programming HW/Folders/build/CMakeFiles/CMakeTmp'
Makefile:126: recipe for target 'cmTC_447bd/fast' failed
make: *** [cmTC_447bd/fast] Error 2

File /home/michael/Desktop/CMU/2nd_Semester/MRSD Project Course/Programming HW/Folders/build/CMakeFiles/CMakeTmp/CheckSymbolExists.c:
/* */
#include <pthread.h>

int main(int argc, char** argv)
{
  (void)argv;
#ifndef pthread_create
  return ((int*)(&pthread_create))[argc];
#else
  (void)argc;
  return 0;
#endif
}

Determining if the function pthread_create exists in the pthreads failed with the following output:
Change Dir: /home/michael/Desktop/CMU/2nd_Semester/MRSD Project Course/Programming HW/Folders/build/CMakeFiles/CMakeTmp

Run Build Command:"/usr/bin/make" "cmTC_42d97/fast"
/usr/bin/make -f CMakeFiles/cmTC_42d97.dir/build.make CMakeFiles/cmTC_42d97.dir/build
make[1]: Entering directory '/home/michael/Desktop/CMU/2nd_Semester/MRSD Project Course/Programming HW/Folders/build/CMakeFiles/CMakeTmp'
Building C object CMakeFiles/cmTC_42d97.dir/CheckFunctionExists.c.o
/usr/bin/cc   -DCHECK_FUNCTION_EXISTS=pthread_create   -o CMakeFiles/cmTC_42d97.dir/CheckFunctionExists.c.o   -c /usr/share/cmake-3.10/Modules/CheckFunctionExists.c
Linking C executable cmTC_42d97
/usr/bin/cmake -E cmake_link_script CMakeFiles/cmTC_42d97.dir/link.txt --verbose=1
/usr/bin/cc  -DCHECK_FUNCTION_EXISTS=pthread_create    -rdynamic CMakeFiles/cmTC_42d97.dir/CheckFunctionExists.c.o  -o cmTC_42d97 -lpthreads 
/usr/bin/ld: cannot find -lpthreads
collect2: error: ld returned 1 exit status
CMakeFiles/cmTC_42d97.dir/build.make:97: recipe for target 'cmTC_42d97' failed
make[1]: *** [cmTC_42d97] Error 1
make[1]: Leaving directory '/home/michael/Desktop/CMU/2nd_Semester/MRSD Project Course/Programming HW/Folders/build/CMakeFiles/CMakeTmp'
Makefile:126: recipe for target 'cmTC_42d97/fast' failed
make: *** [cmTC_42d97/fast] Error 2


